    1  passwd
    2  student
    3  passwd
    4  wget www.github.com
    5  git --version
    6  /bin/bash -c "$(curl -fsSL https://raw.githubusercontent.com/Homebrew/install/HEAD/install.sh)"
    7  brew -v
    8  /bin/bash -c "$(curl -fsSL https://raw.githubusercontent.com/Homebrew/install/HEAD/install.sh)"
    9  touch newfile.txt
   10  ls
   11  git status
   12  git add newfile.txt
   13  ls
   14  echo "# cs131" >> README.md
   15  git init
   16  git add README.md
   17  git commit -m "first commit"
   18  git branch -M main
   19  git remote add origin git@github.com:rikkierielle/cs131.git
   20  git push -u origin maingit config --global user.email "you@example.com"
   21    git config --global user.name "Your Name"rikkierielle
   22  git config --global user.email "you@example.com"
   23  got config -- global rikkierielle
   24  echo "# cs131" >> README.md
   25  git init
   26  git add README.md
   27  git comit -m "first commit"
   28  git commit -m "first commit"
   29  git branch -M main
   30  git remote add origin git@github.com:rikkierielle/cs131.git
   31  git push -u origin main
   32  pwd
   33   cd ~/.ssh && ssh-keygen
   34  pwd
   35  cd ~/.ssh && ssh-keygen
   36  cat id_rsa.pub
   37  ls -al ~/.ssh
   38  cd ~/Desktop
   39  echo "# cs131" >> README.md
   40  git init
   41  git add README.md
   42  git commit -m "first commit"
   43  git branch -M main
   44  git remote add origin git@github.com:rikkierielle/cs131.git
   45  git push -u origin main
   46  ls
   47  git push --set-upstream origin master
   48  git clone https://github.com/rikkierielle/cs131.git
   49  touch Worksheet1.txt
   50  ls
   51  git status
   52  git commit
   53  touch WorkSheet1.txt
   54  git commit
   55  git add
   56  git add Worksheet1.txt
   57  git commit
   58  git status
   59  git add <Worksheet1.txt>...
   60  git add .
   61  git rm --cached <Worksheet1.txt>...
   62  git commit -m "This is my first commit!"
   63  git branch
   64  git remote add origin git@github.com:rikkierielle/cs131.git
   65  git push -u origin main
   66  git branch -M main
   67  git push -u origin main
   68  git remote add origin git@github.com:rikkierielle/cs131.git
   69  git commit -m "Message"
   70  git add <WorkSheet1.txt>...
   71  git add . 
   72  history > cmds.log
   73  get push -u origin main
   74  git push -u origin main
   75  git clone https://github.com/rikkierielle/cs131.git
   76  git clone git@github.com/rikkierielle/cs131.git
   77  git clone https://github.com/rikkieriellecs131.git
   78  git clone https://github.com/rikkierielle/cs131.git
   79  ls
   80  pwd
   81  touch hello.txt
   82  ls
   83  open hello.txt
   84  git init
   85  git status
   86  git add .
   87  git commit -m "first commit"
   88  git branch -M main
   89  git remote add origin git@github.com:rikkierielle/cs131.git
   90  git push -u origin main
   91  cd ~/.shh && ssh-keygen
   92  mkdir ~/.shh
   93  cat id.rsa.pub
   94  cat id_rsa.pub
   95  cd ~/.ssh && ssh-keygen
   96  git commit -m "first commit"
   97  git add cs131
   98  git add <cs131>
   99  git add cs131
  100  git add hello.txt
  101  git add .
  102  git status
  103  git add <cs131>...
  104  ls
  105  touch test.txt
  106  ls
  107  git add test.txt...
  108  git add test.txt
  109  git status
  110  git commit -m "first commit"
  111  git remote add origin git@github.com:rikkierielle/cs131.git
  112  git push -u origin master
  113  git pull --rebase origin [branch]
  114  git pull origin main
  115  git push -u origin main
  116  git pull --rebase origin main
  117  git commit -m 
  118  git commit -m "first commit"
  119  got commit -a
  120  git commit a-
  121  git commit -a
  122  ls
  123  rm hello.txt
  124  ls
  125  rm index.html.1
  126  rm WorkSheet1.txt
  127  ls
  128  rm newfile.txt
  129  ls
  130  git remote add origin git@github.com:rikkierielle/cs131.git
  131  git branch -M main
  132  git push -u origin main
  133  ssh-add -D
  134  git config --global user.email "rikkierielle.navos@sjsu.edu"
  135  cd ~/.ssh && ssh-keygen
  136  cat id_rsa.pub
  137  git remote add origin git@github.com:rikkierielle/cs131.git
  138  git branch -M main
  139  git push -u origin main
  140  wget https://raw.githubusercontent.com/khanchandaniashish/CS131/main/Global%20YouTube%20Statistics.csv
  141  ls
  142  grep "United States " 'Global YouTube Statistics.csv'
  143  'Global YouTube Statistics.csv' grep "United States"
  144  grep -i "United States" 'Global YouTube Statistics.csv'
  145  grep -wc "United States" 'Global YouTube Statistics.csv'
  146  grep -i "Music" 'Global YouTube Statistics.csv'
  147  grep -wc "Music" 'Global YouTube Statistics.csv'
  148  grep -wc "Music" 'Global YouTube Statistics.csv' > counts.txt
  149  ls
  150  grep -c "Music" grep -wc "Music" 'Global YouTube Statistics.csv' > counts.txt
  151  grep -c "Music" 'Global YouTube Statistics.csv' > counts.txt
  152  ls
  153  cat counts.txt
  154  grep -wc "Music" 'Global YouTube Statistics.csv' > counts.txt
  155  cat counts.txt
  156  grep =wc "Music" 'Global YouTube Statistics.csv'
  157  grep -wc "Music" 'Global YouTube Statistics.csv'
  158  grep -c "Music" 'Global YouTube Statistics.csv'
  159  grep -i "Music" 'Global YouTube Statistics.csv'
  160  ls
  161  grep -n "Music" 'Global YouTube Statistics.csv'
  162  grep -wc "United States" 'Global YouTube Statistics.csv'
  163  grep -wc "United States" 'Global YouTube Statistics.csv' >counts.txt
  164  cat counts.txt
  165  grep -wc "Music 'Global YouTube Statistics.csv' >> counts.txt
cat counts.txt



























slk
dsdksjd
comman
ls
ls


>>
>
done
idk how to end it

  166  cat counts.txt
  167  grep -wc "Music" 'Global YouTube Statistics.csv' >> counts.txt
  168  cat counts.txt
  169  vi counts.txt
  170  counts.txt
  171  cat counts.txt
  172  vi counts.txt
  173  cat counts.txt
  174  history > cmds.log
